<?xml version="1.0" encoding="UTF-8"?>
<testsuite name="gov.DA.dashboard.test.DAREAcceptanceTestSuite" time="451.051" tests="260" errors="0" skipped="0" failures="0">
  <properties>
[...]
</properties>
  <testcase name="BeforeStories" classname="java.lang.Object" time="0.004"/>
  <testcase name="Given the user is on the dashboard page" classname="gov.DA.dashboard.test.steps.DailyRegression" time="9.116"/>
  <testcase name="When the user logs into the dashboard with &lt;username&gt; and &lt;password&gt;" classname="gov.DA.dashboard.test.steps.DailyRegression" time="7.174"/>
  <testcase name="Then the user is on the summary page with &lt;username&gt;" classname="gov.DA.dashboard.test.steps.DailyRegression" time="15.224"/>
  <testcase name="Then the notification should be displayed with &lt;username&gt;" classname="gov.DA.dashboard.test.steps.DailyRegression" time="3.293"/>
  <testcase name="Then the user logs out of the dashboard" classname="gov.DA.dashboard.test.steps.DailyRegression" time="0.158"/>
  <testcase name="Then they should see the home page" classname="gov.DA.dashboard.test.steps.DailyRegression" time="0.149"/>
  <testcase name="Then they should see the home page" classname="gov.DA.dashboard.test.steps.DailyRegression" time="8.587"/>
  <testcase name="Then they should see the home page" classname="gov.DA.dashboard.test.steps.DailyRegression" time="6.458"/>
  <testcase name="Then they should see the home page" classname="gov.DA.dashboard.test.steps.DailyRegression" time="8.721"/>
  <testcase name="Then they should see the home page" classname="gov.DA.dashboard.test.steps.DailyRegression" time="5.529"/>
  <testcase name="Then they should see the home page" classname="gov.DA.dashboard.test.steps.DailyRegression" time="15.224"/>
  <testcase name="Then they should see the home page" classname="gov.DA.dashboard.test.steps.DailyRegression" time="5.411"/>
  <testcase name="Then they should see the home page" classname="gov.DA.dashboard.test.steps.DailyRegression" time="4.263"/>
  <testcase name="Then they should see the home page" classname="gov.DA.dashboard.test.steps.DailyRegression" time="2.311"/>
  <testcase name="Then they should see the home page" classname="gov.DA.dashboard.test.steps.DailyRegression" time="5.795"/>
  <testcase name="Then they should see the home page" classname="gov.DA.dashboard.test.steps.DailyRegression" time="0.19"/>
  <testcase name="Given the user is on the dashboard page​" classname="gov.DA.dashboard.test.steps.DailyRegression" time="1.932"/>
  <testcase name="When the user logs into the dashboard with &lt;username&gt; and &lt;password&gt;​" classname="gov.DA.dashboard.test.steps.DailyRegression" time="6.564"/>
  <testcase name="Then the user is on the summary page with &lt;username&gt;​" classname="gov.DA.dashboard.test.steps.DailyRegression" time="15.192"/>
  <testcase name="Then the notification should be displayed with &lt;username&gt;​" classname="gov.DA.dashboard.test.steps.DailyRegression" time="3.243"/>
  <testcase name="Then the user logs out of the dashboard​" classname="gov.DA.dashboard.test.steps.DailyRegression" time="0.165"/>
  <testcase name="Then they should see the home page​" classname="gov.DA.dashboard.test.steps.DailyRegression" time="0.147"/>
  <testcase name="Then they should see the home page​" classname="gov.DA.dashboard.test.steps.DailyRegression" time="8.545"/>
  <testcase name="Then they should see the home page​" classname="gov.DA.dashboard.test.steps.DailyRegression" time="5.277"/>
  <testcase name="Then they should see the home page​" classname="gov.DA.dashboard.test.steps.DailyRegression" time="8.563"/>
  <testcase name="Then they should see the home page​" classname="gov.DA.dashboard.test.steps.DailyRegression" time="4.772"/>
  <testcase name="Then they should see the home page​" classname="gov.DA.dashboard.test.steps.DailyRegression" time="15.209"/>
  <testcase name="Then they should see the home page​" classname="gov.DA.dashboard.test.steps.DailyRegression" time="5.384"/>
  <testcase name="Then they should see the home page​" classname="gov.DA.dashboard.test.steps.DailyRegression" time="4.249"/>
  <testcase name="Then they should see the home page​" classname="gov.DA.dashboard.test.steps.DailyRegression" time="2.321"/>
  <testcase name="Then they should see the home page​" classname="gov.DA.dashboard.test.steps.DailyRegression" time="4.906"/>
  <testcase name="Then they should see the home page​" classname="gov.DA.dashboard.test.steps.DailyRegression" time="0.186"/>
  <testcase name="Given the user is on the dashboard page​​" classname="gov.DA.dashboard.test.steps.DailyRegression" time="1.853"/>
  <testcase name="When the user logs into the dashboard with &lt;username&gt; and &lt;password&gt;​​" classname="gov.DA.dashboard.test.steps.DailyRegression" time="9.531"/>
  <testcase name="Then the user is on the summary page with &lt;username&gt;​​" classname="gov.DA.dashboard.test.steps.DailyRegression" time="15.198"/>
  <testcase name="Then the notification should be displayed with &lt;username&gt;​​" classname="gov.DA.dashboard.test.steps.DailyRegression" time="3.254"/>
  <testcase name="Then the user logs out of the dashboard​​" classname="gov.DA.dashboard.test.steps.DailyRegression" time="0.155"/>
  <testcase name="Then they should see the home page​​" classname="gov.DA.dashboard.test.steps.DailyRegression" time="0.146"/>
  <testcase name="Then they should see the home page​​" classname="gov.DA.dashboard.test.steps.DailyRegression" time="8.509"/>
  <testcase name="Then they should see the home page​​" classname="gov.DA.dashboard.test.steps.DailyRegression" time="5.584"/>
  <testcase name="Then they should see the home page​​" classname="gov.DA.dashboard.test.steps.DailyRegression" time="8.521"/>
  <testcase name="Then they should see the home page​​" classname="gov.DA.dashboard.test.steps.DailyRegression" time="4.764"/>
  <testcase name="Then they should see the home page​​" classname="gov.DA.dashboard.test.steps.DailyRegression" time="15.191"/>
  <testcase name="Then they should see the home page​​" classname="gov.DA.dashboard.test.steps.DailyRegression" time="5.365"/>
  <testcase name="Then they should see the home page​​" classname="gov.DA.dashboard.test.steps.DailyRegression" time="4.245"/>
  <testcase name="Then they should see the home page​​" classname="gov.DA.dashboard.test.steps.DailyRegression" time="2.302"/>
  <testcase name="Then they should see the home page​​" classname="gov.DA.dashboard.test.steps.DailyRegression" time="4.905"/>
  <testcase name="Then they should see the home page​​" classname="gov.DA.dashboard.test.steps.DailyRegression" time="0.188"/>
  <testcase name="Given the user is on the dashboard page​​​" classname="gov.DA.dashboard.test.steps.DailyRegression" time="1.854"/>
  <testcase name="When the user logs into the dashboard with &lt;username&gt; and &lt;password&gt;​​​" classname="gov.DA.dashboard.test.steps.DailyRegression" time="6.545"/>
  <testcase name="Then the user is on the summary page with &lt;username&gt;​​​" classname="gov.DA.dashboard.test.steps.DailyRegression" time="15.194"/>
  <testcase name="Then the notification should be displayed with &lt;username&gt;​​​" classname="gov.DA.dashboard.test.steps.DailyRegression" time="3.237"/>
  <testcase name="Then the user logs out of the dashboard​​​" classname="gov.DA.dashboard.test.steps.DailyRegression" time="0.164"/>
  <testcase name="Then they should see the home page​​​" classname="gov.DA.dashboard.test.steps.DailyRegression" time="0.163"/>
  <testcase name="Then they should see the home page​​​" classname="gov.DA.dashboard.test.steps.DailyRegression" time="8.529"/>
  <testcase name="Then they should see the home page​​​" classname="gov.DA.dashboard.test.steps.DailyRegression" time="5.424"/>
  <testcase name="Then they should see the home page​​​" classname="gov.DA.dashboard.test.steps.DailyRegression" time="8.74"/>
  <testcase name="Then they should see the home page​​​" classname="gov.DA.dashboard.test.steps.DailyRegression" time="4.79"/>
  <testcase name="Then they should see the home page​​​" classname="gov.DA.dashboard.test.steps.DailyRegression" time="15.206"/>
  <testcase name="Then they should see the home page​​​" classname="gov.DA.dashboard.test.steps.DailyRegression" time="5.361"/>
  <testcase name="Then they should see the home page​​​" classname="gov.DA.dashboard.test.steps.DailyRegression" time="4.271"/>
  <testcase name="Then they should see the home page​​​" classname="gov.DA.dashboard.test.steps.DailyRegression" time="2.305"/>
  <testcase name="Then they should see the home page​​​" classname="gov.DA.dashboard.test.steps.DailyRegression" time="4.971"/>
  <testcase name="Then they should see the home page​​​" classname="gov.DA.dashboard.test.steps.DailyRegression" time="0.184"/>
  <testcase name="Given the user is on the dashboard page​​​​" classname="gov.DA.dashboard.test.steps.DailyRegression" time="1.901"/>
  <testcase name="When the user logs into the dashboard with &lt;username&gt; and &lt;password&gt;​​​​" classname="gov.DA.dashboard.test.steps.DailyRegression" time="6.535"/>
  <testcase name="Then the user is on the summary page with &lt;username&gt;​​​​" classname="gov.DA.dashboard.test.steps.DailyRegression" time="15.199"/>
  <testcase name="Then the notification should be displayed with &lt;username&gt;​​​​" classname="gov.DA.dashboard.test.steps.DailyRegression" time="3.262"/>
  <testcase name="Then the user logs out of the dashboard​​​​" classname="gov.DA.dashboard.test.steps.DailyRegression" time="0.17"/>
  <testcase name="Then they should see the home page​​​​" classname="gov.DA.dashboard.test.steps.DailyRegression" time="0.145"/>
  <testcase name="Then they should see the home page​​​​" classname="gov.DA.dashboard.test.steps.DailyRegression" time="8.488"/>
  <testcase name="Then they should see the home page​​​​" classname="gov.DA.dashboard.test.steps.DailyRegression" time="5.62"/>
  <testcase name="Then they should see the home page​​​​" classname="gov.DA.dashboard.test.steps.DailyRegression" time="8.863"/>
  <testcase name="Then they should see the home page​​​​" classname="gov.DA.dashboard.test.steps.DailyRegression" time="4.806"/>
  <testcase name="Then they should see the home page​​​​" classname="gov.DA.dashboard.test.steps.DailyRegression" time="15.197"/>
  <testcase name="Then they should see the home page​​​​" classname="gov.DA.dashboard.test.steps.DailyRegression" time="5.392"/>
  <testcase name="Then they should see the home page​​​​" classname="gov.DA.dashboard.test.steps.DailyRegression" time="4.241"/>
  <testcase name="Then they should see the home page​​​​" classname="gov.DA.dashboard.test.steps.DailyRegression" time="2.323"/>
  <testcase name="Then they should see the home page​​​​" classname="gov.DA.dashboard.test.steps.DailyRegression" time="4.926"/>
  <testcase name="Then they should see the home page​​​​" classname="gov.DA.dashboard.test.steps.DailyRegression" time="0.189"/>
  <testcase name="Given the user is on the dashboard page​​​​​" classname="gov.DA.dashboard.test.steps.DailyRegression" time="1.839"/>
  <testcase name="When the user logs into the dashboard with &lt;username&gt; and &lt;password&gt;​​​​​" classname="gov.DA.dashboard.test.steps.DailyRegression" time="6.425"/>
  <testcase name="Then the user is on the summary page with &lt;username&gt;​​​​​" classname="gov.DA.dashboard.test.steps.DailyRegression" time="15.204"/>
  <testcase name="Then the notification should be displayed with &lt;username&gt;​​​​​" classname="gov.DA.dashboard.test.steps.DailyRegression" time="3.256"/>
  <testcase name="Then the user logs out of the dashboard​​​​​" classname="gov.DA.dashboard.test.steps.DailyRegression" time="0.15"/>
  <testcase name="Then they should see the home page​​​​​" classname="gov.DA.dashboard.test.steps.DailyRegression" time="0.147"/>
  <testcase name="Then they should see the home page​​​​​" classname="gov.DA.dashboard.test.steps.DailyRegression" time="8.665"/>
  <testcase name="Then they should see the home page​​​​​" classname="gov.DA.dashboard.test.steps.DailyRegression" time="5.438"/>
  <testcase name="Then they should see the home page​​​​​" classname="gov.DA.dashboard.test.steps.DailyRegression" time="8.464"/>
  <testcase name="Then they should see the home page​​​​​" classname="gov.DA.dashboard.test.steps.DailyRegression" time="4.786"/>
  <testcase name="Then they should see the home page​​​​​" classname="gov.DA.dashboard.test.steps.DailyRegression" time="15.245"/>
  <testcase name="Then they should see the home page​​​​​" classname="gov.DA.dashboard.test.steps.DailyRegression" time="5.41"/>
  <testcase name="Then they should see the home page​​​​​" classname="gov.DA.dashboard.test.steps.DailyRegression" time="4.242"/>
  <testcase name="Then they should see the home page​​​​​" classname="gov.DA.dashboard.test.steps.DailyRegression" time="2.339"/>
  <testcase name="Then they should see the home page​​​​​" classname="gov.DA.dashboard.test.steps.DailyRegression" time="4.981"/>
  <testcase name="Then they should see the home page​​​​​" classname="gov.DA.dashboard.test.steps.DailyRegression" time="0.179"/>
  <testcase name="Given the user is on the dashboard page​​​​​​" classname="gov.DA.dashboard.test.steps.DailyRegression" time="1.941"/>
  <testcase name="When the user logs into the dashboard with &lt;username&gt; and &lt;password&gt;​​​​​​" classname="gov.DA.dashboard.test.steps.DailyRegression" time="6.425"/>
  <testcase name="Then the user is on the summary page with &lt;username&gt;​​​​​​" classname="gov.DA.dashboard.test.steps.DailyRegression" time="15.192"/>
  <testcase name="Then the notification should be displayed with &lt;username&gt;​​​​​​" classname="gov.DA.dashboard.test.steps.DailyRegression" time="3.242"/>
  <testcase name="Then the user logs out of the dashboard​​​​​​" classname="gov.DA.dashboard.test.steps.DailyRegression" time="0.157"/>
  <testcase name="Then they should see the home page​​​​​​" classname="gov.DA.dashboard.test.steps.DailyRegression" time="0.144"/>
  <testcase name="Then they should see the home page​​​​​​" classname="gov.DA.dashboard.test.steps.DailyRegression" time="8.756"/>
  <testcase name="Then they should see the home page​​​​​​" classname="gov.DA.dashboard.test.steps.DailyRegression" time="5.439"/>
  <testcase name="Then they should see the home page​​​​​​" classname="gov.DA.dashboard.test.steps.DailyRegression" time="8.707"/>
  <testcase name="Then they should see the home page​​​​​​" classname="gov.DA.dashboard.test.steps.DailyRegression" time="4.772"/>
  <testcase name="Then they should see the home page​​​​​​" classname="gov.DA.dashboard.test.steps.DailyRegression" time="15.203"/>
  <testcase name="Then they should see the home page​​​​​​" classname="gov.DA.dashboard.test.steps.DailyRegression" time="5.364"/>
  <testcase name="Then they should see the home page​​​​​​" classname="gov.DA.dashboard.test.steps.DailyRegression" time="4.241"/>
  <testcase name="Then they should see the home page​​​​​​" classname="gov.DA.dashboard.test.steps.DailyRegression" time="2.294"/>
  <testcase name="Then they should see the home page​​​​​​" classname="gov.DA.dashboard.test.steps.DailyRegression" time="4.986"/>
  <testcase name="Then they should see the home page​​​​​​" classname="gov.DA.dashboard.test.steps.DailyRegression" time="0.187"/>
  <testcase name="Given the user is on the dashboard page​​​​​​​" classname="gov.DA.dashboard.test.steps.DailyRegression" time="1.968"/>
  <testcase name="When the user logs into the dashboard with &lt;username&gt; and &lt;password&gt;​​​​​​​" classname="gov.DA.dashboard.test.steps.DailyRegression" time="6.534"/>
  <testcase name="Then the user is on the summary page with &lt;username&gt;​​​​​​​" classname="gov.DA.dashboard.test.steps.DailyRegression" time="15.204"/>
  <testcase name="Then the notification should be displayed with &lt;username&gt;​​​​​​​" classname="gov.DA.dashboard.test.steps.DailyRegression" time="3.226"/>
  <testcase name="Then the user logs out of the dashboard​​​​​​​" classname="gov.DA.dashboard.test.steps.DailyRegression" time="0.154"/>
  <testcase name="Then they should see the home page​​​​​​​" classname="gov.DA.dashboard.test.steps.DailyRegression" time="0.144"/>
  <testcase name="Then they should see the home page​​​​​​​" classname="gov.DA.dashboard.test.steps.DailyRegression" time="8.456"/>
  <testcase name="Then they should see the home page​​​​​​​" classname="gov.DA.dashboard.test.steps.DailyRegression" time="5.502"/>
  <testcase name="Then they should see the home page​​​​​​​" classname="gov.DA.dashboard.test.steps.DailyRegression" time="8.56"/>
  <testcase name="Then they should see the home page​​​​​​​" classname="gov.DA.dashboard.test.steps.DailyRegression" time="4.809"/>
  <testcase name="Then they should see the home page​​​​​​​" classname="gov.DA.dashboard.test.steps.DailyRegression" time="15.199"/>
  <testcase name="Then they should see the home page​​​​​​​" classname="gov.DA.dashboard.test.steps.DailyRegression" time="5.396"/>
  <testcase name="Then they should see the home page​​​​​​​" classname="gov.DA.dashboard.test.steps.DailyRegression" time="4.248"/>
  <testcase name="Then they should see the home page​​​​​​​" classname="gov.DA.dashboard.test.steps.DailyRegression" time="2.332"/>
  <testcase name="Then they should see the home page​​​​​​​" classname="gov.DA.dashboard.test.steps.DailyRegression" time="4.987"/>
  <testcase name="Then they should see the home page​​​​​​​" classname="gov.DA.dashboard.test.steps.DailyRegression" time="0.182"/>
  <testcase name="Given the user is on the dashboard page​​​​​​​​" classname="gov.DA.dashboard.test.steps.DailyRegression" time="1.976"/>
  <testcase name="When the user logs into the dashboard with &lt;username&gt; and &lt;password&gt;​​​​​​​​" classname="gov.DA.dashboard.test.steps.DailyRegression" time="6.43"/>
  <testcase name="Then the user is on the summary page with &lt;username&gt;​​​​​​​​" classname="gov.DA.dashboard.test.steps.DailyRegression" time="15.238"/>
  <testcase name="Then the notification should be displayed with &lt;username&gt;​​​​​​​​" classname="gov.DA.dashboard.test.steps.DailyRegression" time="3.278"/>
  <testcase name="Then the user logs out of the dashboard​​​​​​​​" classname="gov.DA.dashboard.test.steps.DailyRegression" time="0.158"/>
  <testcase name="Then they should see the home page​​​​​​​​" classname="gov.DA.dashboard.test.steps.DailyRegression" time="0.144"/>
  <testcase name="Then they should see the home page​​​​​​​​" classname="gov.DA.dashboard.test.steps.DailyRegression" time="8.651"/>
  <testcase name="Then they should see the home page​​​​​​​​" classname="gov.DA.dashboard.test.steps.DailyRegression" time="5.87"/>
  <testcase name="Then they should see the home page​​​​​​​​" classname="gov.DA.dashboard.test.steps.DailyRegression" time="8.586"/>
  <testcase name="Then they should see the home page​​​​​​​​" classname="gov.DA.dashboard.test.steps.DailyRegression" time="4.822"/>
  <testcase name="Then they should see the home page​​​​​​​​" classname="gov.DA.dashboard.test.steps.DailyRegression" time="15.189"/>
  <testcase name="Then they should see the home page​​​​​​​​" classname="gov.DA.dashboard.test.steps.DailyRegression" time="5.402"/>
  <testcase name="Then they should see the home page​​​​​​​​" classname="gov.DA.dashboard.test.steps.DailyRegression" time="4.239"/>
  <testcase name="Then they should see the home page​​​​​​​​" classname="gov.DA.dashboard.test.steps.DailyRegression" time="2.405"/>
  <testcase name="Then they should see the home page​​​​​​​​" classname="gov.DA.dashboard.test.steps.DailyRegression" time="5.005"/>
  <testcase name="Then they should see the home page​​​​​​​​" classname="gov.DA.dashboard.test.steps.DailyRegression" time="0.189"/>
  <testcase name="Given the user is on the dashboard page​​​​​​​​​" classname="gov.DA.dashboard.test.steps.DailyRegression" time="1.876"/>
  <testcase name="When the user logs into the dashboard with &lt;username&gt; and &lt;password&gt;​​​​​​​​​" classname="gov.DA.dashboard.test.steps.DailyRegression" time="6.527"/>
  <testcase name="Then the user is on the summary page with &lt;username&gt;​​​​​​​​​" classname="gov.DA.dashboard.test.steps.DailyRegression" time="15.198"/>
  <testcase name="Then the notification should be displayed with &lt;username&gt;​​​​​​​​​" classname="gov.DA.dashboard.test.steps.DailyRegression" time="3.215"/>
  <testcase name="Then the user logs out of the dashboard​​​​​​​​​" classname="gov.DA.dashboard.test.steps.DailyRegression" time="0.201"/>
  <testcase name="Then they should see the home page​​​​​​​​​" classname="gov.DA.dashboard.test.steps.DailyRegression" time="0.145"/>
  <testcase name="Then they should see the home page​​​​​​​​​" classname="gov.DA.dashboard.test.steps.DailyRegression" time="8.502"/>
  <testcase name="Then they should see the home page​​​​​​​​​" classname="gov.DA.dashboard.test.steps.DailyRegression" time="6.597"/>
  <testcase name="Then they should see the home page​​​​​​​​​" classname="gov.DA.dashboard.test.steps.DailyRegression" time="8.489"/>
  <testcase name="Then they should see the home page​​​​​​​​​" classname="gov.DA.dashboard.test.steps.DailyRegression" time="4.821"/>
  <testcase name="Then they should see the home page​​​​​​​​​" classname="gov.DA.dashboard.test.steps.DailyRegression" time="15.19"/>
  <testcase name="Then they should see the home page​​​​​​​​​" classname="gov.DA.dashboard.test.steps.DailyRegression" time="5.364"/>
  <testcase name="Then they should see the home page​​​​​​​​​" classname="gov.DA.dashboard.test.steps.DailyRegression" time="4.236"/>
  <testcase name="Then they should see the home page​​​​​​​​​" classname="gov.DA.dashboard.test.steps.DailyRegression" time="2.306"/>
  <testcase name="Then they should see the home page​​​​​​​​​" classname="gov.DA.dashboard.test.steps.DailyRegression" time="4.994"/>
  <testcase name="Then they should see the home page​​​​​​​​​" classname="gov.DA.dashboard.test.steps.DailyRegression" time="0.184"/>
  <testcase name="Given the user is on the dashboard page​​​​​​​​​​" classname="gov.DA.dashboard.test.steps.DailyRegression" time="2.48"/>
  <testcase name="When the user logs into the dashboard with &lt;username&gt; and &lt;password&gt;​​​​​​​​​​" classname="gov.DA.dashboard.test.steps.DailyRegression" time="9.556"/>
  <testcase name="Then the user is on the summary page with &lt;username&gt;​​​​​​​​​​" classname="gov.DA.dashboard.test.steps.DailyRegression" time="15.188"/>
  <testcase name="Then the notification should be displayed with &lt;username&gt;​​​​​​​​​​" classname="gov.DA.dashboard.test.steps.DailyRegression" time="3.224"/>
  <testcase name="Then the user logs out of the dashboard​​​​​​​​​​" classname="gov.DA.dashboard.test.steps.DailyRegression" time="0.152"/>
  <testcase name="Then they should see the home page​​​​​​​​​​" classname="gov.DA.dashboard.test.steps.DailyRegression" time="0.145"/>
  <testcase name="Then they should see the home page​​​​​​​​​​" classname="gov.DA.dashboard.test.steps.DailyRegression" time="8.57"/>
  <testcase name="Then they should see the home page​​​​​​​​​​" classname="gov.DA.dashboard.test.steps.DailyRegression" time="5.916"/>
  <testcase name="Then they should see the home page​​​​​​​​​​" classname="gov.DA.dashboard.test.steps.DailyRegression" time="8.91"/>
  <testcase name="Then they should see the home page​​​​​​​​​​" classname="gov.DA.dashboard.test.steps.DailyRegression" time="4.843"/>
  <testcase name="Then they should see the home page​​​​​​​​​​" classname="gov.DA.dashboard.test.steps.DailyRegression" time="15.222"/>
  <testcase name="Then they should see the home page​​​​​​​​​​" classname="gov.DA.dashboard.test.steps.DailyRegression" time="5.425"/>
  <testcase name="Then they should see the home page​​​​​​​​​​" classname="gov.DA.dashboard.test.steps.DailyRegression" time="4.239"/>
  <testcase name="Then they should see the home page​​​​​​​​​​" classname="gov.DA.dashboard.test.steps.DailyRegression" time="2.351"/>
  <testcase name="Then they should see the home page​​​​​​​​​​" classname="gov.DA.dashboard.test.steps.DailyRegression" time="5.044"/>
  <testcase name="Then they should see the home page​​​​​​​​​​" classname="gov.DA.dashboard.test.steps.DailyRegression" time="0.18"/>
  <testcase name="Given the user is on the dashboard page​​​​​​​​​​​" classname="gov.DA.dashboard.test.steps.DailyRegression" time="2.032"/>
  <testcase name="When the user logs into the dashboard with &lt;username&gt; and &lt;password&gt;​​​​​​​​​​​" classname="gov.DA.dashboard.test.steps.DailyRegression" time="6.531"/>
  <testcase name="Then the user is on the summary page with &lt;username&gt;​​​​​​​​​​​" classname="gov.DA.dashboard.test.steps.DailyRegression" time="15.19"/>
  <testcase name="Then the notification should be displayed with &lt;username&gt;​​​​​​​​​​​" classname="gov.DA.dashboard.test.steps.DailyRegression" time="3.338"/>
  <testcase name="Then the user logs out of the dashboard​​​​​​​​​​​" classname="gov.DA.dashboard.test.steps.DailyRegression" time="0.187"/>
  <testcase name="Then they should see the home page​​​​​​​​​​​" classname="gov.DA.dashboard.test.steps.DailyRegression" time="0.269"/>
  <testcase name="Then they should see the home page​​​​​​​​​​​" classname="gov.DA.dashboard.test.steps.DailyRegression" time="8.494"/>
  <testcase name="Then they should see the home page​​​​​​​​​​​" classname="gov.DA.dashboard.test.steps.DailyRegression" time="5.444"/>
  <testcase name="Then they should see the home page​​​​​​​​​​​" classname="gov.DA.dashboard.test.steps.DailyRegression" time="8.611"/>
  <testcase name="Then they should see the home page​​​​​​​​​​​" classname="gov.DA.dashboard.test.steps.DailyRegression" time="4.76"/>
  <testcase name="Then they should see the home page​​​​​​​​​​​" classname="gov.DA.dashboard.test.steps.DailyRegression" time="15.193"/>
  <testcase name="Then they should see the home page​​​​​​​​​​​" classname="gov.DA.dashboard.test.steps.DailyRegression" time="5.431"/>
  <testcase name="Then they should see the home page​​​​​​​​​​​" classname="gov.DA.dashboard.test.steps.DailyRegression" time="4.305"/>
  <testcase name="Then they should see the home page​​​​​​​​​​​" classname="gov.DA.dashboard.test.steps.DailyRegression" time="2.299"/>
  <testcase name="Then they should see the home page​​​​​​​​​​​" classname="gov.DA.dashboard.test.steps.DailyRegression" time="4.951"/>
  <testcase name="Then they should see the home page​​​​​​​​​​​" classname="gov.DA.dashboard.test.steps.DailyRegression" time="0.184"/>
  <testcase name="Given the user is on the dashboard page​​​​​​​​​​​​" classname="gov.DA.dashboard.test.steps.DailyRegression" time="2.073"/>
  <testcase name="When the user logs into the dashboard with &lt;username&gt; and &lt;password&gt;​​​​​​​​​​​​" classname="gov.DA.dashboard.test.steps.DailyRegression" time="6.53"/>
  <testcase name="Then the user is on the summary page with &lt;username&gt;​​​​​​​​​​​​" classname="gov.DA.dashboard.test.steps.DailyRegression" time="15.201"/>
  <testcase name="Then the notification should be displayed with &lt;username&gt;​​​​​​​​​​​​" classname="gov.DA.dashboard.test.steps.DailyRegression" time="3.227"/>
  <testcase name="Then the user logs out of the dashboard​​​​​​​​​​​​" classname="gov.DA.dashboard.test.steps.DailyRegression" time="0.154"/>
  <testcase name="Then they should see the home page​​​​​​​​​​​​" classname="gov.DA.dashboard.test.steps.DailyRegression" time="0.208"/>
  <testcase name="Then they should see the home page​​​​​​​​​​​​" classname="gov.DA.dashboard.test.steps.DailyRegression" time="8.582"/>
  <testcase name="Then they should see the home page​​​​​​​​​​​​" classname="gov.DA.dashboard.test.steps.DailyRegression" time="5.6"/>
  <testcase name="Then they should see the home page​​​​​​​​​​​​" classname="gov.DA.dashboard.test.steps.DailyRegression" time="8.592"/>
  <testcase name="Then they should see the home page​​​​​​​​​​​​" classname="gov.DA.dashboard.test.steps.DailyRegression" time="4.812"/>
  <testcase name="Then they should see the home page​​​​​​​​​​​​" classname="gov.DA.dashboard.test.steps.DailyRegression" time="15.193"/>
  <testcase name="Then they should see the home page​​​​​​​​​​​​" classname="gov.DA.dashboard.test.steps.DailyRegression" time="5.497"/>
  <testcase name="Then they should see the home page​​​​​​​​​​​​" classname="gov.DA.dashboard.test.steps.DailyRegression" time="4.254"/>
  <testcase name="Then they should see the home page​​​​​​​​​​​​" classname="gov.DA.dashboard.test.steps.DailyRegression" time="2.359"/>
  <testcase name="Then they should see the home page​​​​​​​​​​​​" classname="gov.DA.dashboard.test.steps.DailyRegression" time="5.008"/>
  <testcase name="Then they should see the home page​​​​​​​​​​​​" classname="gov.DA.dashboard.test.steps.DailyRegression" time="0.179"/>
  <testcase name="Given the user is on the dashboard page​​​​​​​​​​​​​" classname="gov.DA.dashboard.test.steps.DailyRegression" time="2.025"/>
  <testcase name="When the user logs into the dashboard with &lt;username&gt; and &lt;password&gt;​​​​​​​​​​​​​" classname="gov.DA.dashboard.test.steps.DailyRegression" time="6.529"/>
  <testcase name="Then the user is on the summary page with &lt;username&gt;​​​​​​​​​​​​​" classname="gov.DA.dashboard.test.steps.DailyRegression" time="15.191"/>
  <testcase name="Then the notification should be displayed with &lt;username&gt;​​​​​​​​​​​​​" classname="gov.DA.dashboard.test.steps.DailyRegression" time="3.228"/>
  <testcase name="Then the user logs out of the dashboard​​​​​​​​​​​​​" classname="gov.DA.dashboard.test.steps.DailyRegression" time="0.183"/>
  <testcase name="Then they should see the home page​​​​​​​​​​​​​" classname="gov.DA.dashboard.test.steps.DailyRegression" time="0.143"/>
  <testcase name="Then they should see the home page​​​​​​​​​​​​​" classname="gov.DA.dashboard.test.steps.DailyRegression" time="8.372"/>
  <testcase name="Then they should see the home page​​​​​​​​​​​​​" classname="gov.DA.dashboard.test.steps.DailyRegression" time="5.28"/>
  <testcase name="Then they should see the home page​​​​​​​​​​​​​" classname="gov.DA.dashboard.test.steps.DailyRegression" time="8.537"/>
  <testcase name="Then they should see the home page​​​​​​​​​​​​​" classname="gov.DA.dashboard.test.steps.DailyRegression" time="4.782"/>
  <testcase name="Then they should see the home page​​​​​​​​​​​​​" classname="gov.DA.dashboard.test.steps.DailyRegression" time="15.186"/>
  <testcase name="Then they should see the home page​​​​​​​​​​​​​" classname="gov.DA.dashboard.test.steps.DailyRegression" time="5.355"/>
  <testcase name="Then they should see the home page​​​​​​​​​​​​​" classname="gov.DA.dashboard.test.steps.DailyRegression" time="4.309"/>
  <testcase name="Then they should see the home page​​​​​​​​​​​​​" classname="gov.DA.dashboard.test.steps.DailyRegression" time="2.359"/>
  <testcase name="Then they should see the home page​​​​​​​​​​​​​" classname="gov.DA.dashboard.test.steps.DailyRegression" time="5.033"/>
  <testcase name="Then they should see the home page​​​​​​​​​​​​​" classname="gov.DA.dashboard.test.steps.DailyRegression" time="0.18"/>
  <testcase name="Given the user is on the dashboard page​​​​​​​​​​​​​​" classname="gov.DA.dashboard.test.steps.DailyRegression" time="2.015"/>
  <testcase name="When the user logs into the dashboard with &lt;username&gt; and &lt;password&gt;​​​​​​​​​​​​​​" classname="gov.DA.dashboard.test.steps.DailyRegression" time="6.522"/>
  <testcase name="Then the user is on the summary page with &lt;username&gt;​​​​​​​​​​​​​​" classname="gov.DA.dashboard.test.steps.DailyRegression" time="15.194"/>
  <testcase name="Then the notification should be displayed with &lt;username&gt;​​​​​​​​​​​​​​" classname="gov.DA.dashboard.test.steps.DailyRegression" time="3.237"/>
  <testcase name="Then the user logs out of the dashboard​​​​​​​​​​​​​​" classname="gov.DA.dashboard.test.steps.DailyRegression" time="0.153"/>
  <testcase name="Then they should see the home page​​​​​​​​​​​​​​" classname="gov.DA.dashboard.test.steps.DailyRegression" time="0.148"/>
  <testcase name="Then they should see the home page​​​​​​​​​​​​​​" classname="gov.DA.dashboard.test.steps.DailyRegression" time="8.407"/>
  <testcase name="Then they should see the home page​​​​​​​​​​​​​​" classname="gov.DA.dashboard.test.steps.DailyRegression" time="6.106"/>
  <testcase name="Then they should see the home page​​​​​​​​​​​​​​" classname="gov.DA.dashboard.test.steps.DailyRegression" time="8.73"/>
  <testcase name="Then they should see the home page​​​​​​​​​​​​​​" classname="gov.DA.dashboard.test.steps.DailyRegression" time="5.149"/>
  <testcase name="Then they should see the home page​​​​​​​​​​​​​​" classname="gov.DA.dashboard.test.steps.DailyRegression" time="15.198"/>
  <testcase name="Then they should see the home page​​​​​​​​​​​​​​" classname="gov.DA.dashboard.test.steps.DailyRegression" time="5.446"/>
  <testcase name="Then they should see the home page​​​​​​​​​​​​​​" classname="gov.DA.dashboard.test.steps.DailyRegression" time="4.235"/>
  <testcase name="Then they should see the home page​​​​​​​​​​​​​​" classname="gov.DA.dashboard.test.steps.DailyRegression" time="2.37"/>
  <testcase name="Then they should see the home page​​​​​​​​​​​​​​" classname="gov.DA.dashboard.test.steps.DailyRegression" time="4.959"/>
  <testcase name="Then they should see the home page​​​​​​​​​​​​​​" classname="gov.DA.dashboard.test.steps.DailyRegression" time="0.196"/>
  <testcase name="Given the user is on the dashboard page​​​​​​​​​​​​​​​" classname="gov.DA.dashboard.test.steps.DailyRegression" time="2.173"/>
  <testcase name="When the user logs into the dashboard with &lt;username&gt; and &lt;password&gt;​​​​​​​​​​​​​​​" classname="gov.DA.dashboard.test.steps.DailyRegression" time="6.531"/>
  <testcase name="Then the user is on the summary page with &lt;username&gt;​​​​​​​​​​​​​​​" classname="gov.DA.dashboard.test.steps.DailyRegression" time="15.224"/>
  <testcase name="Then the notification should be displayed with &lt;username&gt;​​​​​​​​​​​​​​​" classname="gov.DA.dashboard.test.steps.DailyRegression" time="3.213"/>
  <testcase name="Then the user logs out of the dashboard​​​​​​​​​​​​​​​" classname="gov.DA.dashboard.test.steps.DailyRegression" time="0.153"/>
  <testcase name="Then they should see the home page​​​​​​​​​​​​​​​" classname="gov.DA.dashboard.test.steps.DailyRegression" time="0.146"/>
  <testcase name="Then they should see the home page​​​​​​​​​​​​​​​" classname="gov.DA.dashboard.test.steps.DailyRegression" time="8.491"/>
  <testcase name="Then they should see the home page​​​​​​​​​​​​​​​" classname="gov.DA.dashboard.test.steps.DailyRegression" time="5.731"/>
  <testcase name="Then they should see the home page​​​​​​​​​​​​​​​" classname="gov.DA.dashboard.test.steps.DailyRegression" time="8.558"/>
  <testcase name="Then they should see the home page​​​​​​​​​​​​​​​" classname="gov.DA.dashboard.test.steps.DailyRegression" time="4.863"/>
  <testcase name="Then they should see the home page​​​​​​​​​​​​​​​" classname="gov.DA.dashboard.test.steps.DailyRegression" time="15.192"/>
  <testcase name="Then they should see the home page​​​​​​​​​​​​​​​" classname="gov.DA.dashboard.test.steps.DailyRegression" time="5.357"/>
  <testcase name="Then they should see the home page​​​​​​​​​​​​​​​" classname="gov.DA.dashboard.test.steps.DailyRegression" time="4.238"/>
  <testcase name="Then they should see the home page​​​​​​​​​​​​​​​" classname="gov.DA.dashboard.test.steps.DailyRegression" time="2.372"/>
  <testcase name="Then they should see the home page​​​​​​​​​​​​​​​" classname="gov.DA.dashboard.test.steps.DailyRegression" time="5.051"/>
  <testcase name="Then they should see the home page​​​​​​​​​​​​​​​" classname="gov.DA.dashboard.test.steps.DailyRegression" time="0.189"/>
  <testcase name="Scenario: View notifications on homepage" classname="Scenario: View notifications on homepage" time="0.375"/>
  <testcase name="fullRegression.story" classname="fullRegression.story" time="0.378"/>
  <testcase name="AfterStories" classname="java.lang.Object" time="0"/>
</testsuite>