<?xml version="1.0" encoding="UTF-8"?><testsuite errors="0" failures="0" name="Full regression" skipped="43" tests="43" time="0.05" timestamp="2017-01-06 11:51:44"><testcase name="Logging into Disaster Assistance dashboard"><skipped/></testcase><testcase name="View all application information"><skipped/></testcase><testcase name="View notifications on homepage"><skipped/></testcase><testcase name="View personalized list of FOAs from the additional resources"><skipped/></testcase><testcase name="Mailing address information is saved"><skipped/></testcase><testcase name="Phone number information is updated and saved"><skipped/></testcase><testcase name="Update electronic fund application information"><skipped/></testcase><testcase name="Electronic fund information is saved"><skipped/></testcase><testcase name="Insurance application information is saved"><skipped/></testcase><testcase name="Logging out of the dashboard"><skipped/></testcase></testsuite>